<?xml version="1.0" encoding="UTF-8"?>
<!-- Generated by org.testng.reporters.JUnitReportReporter -->
<testsuite hostname="DESKTOP-DELVMAL" failures="0" tests="1" name="page.AddPlace" time="5.621" errors="0" timestamp="2023-06-28T20:49:43 IST" skipped="0">
  <testcase classname="page.AddPlace" name="addNewPlaceOnGoogle" time="5.621"/>
  <system-out/>
</testsuite> <!-- page.AddPlace -->
