<?xml version="1.0" encoding="UTF-8"?>
<!-- Generated by org.testng.reporters.JUnitReportReporter -->
<testsuite hostname="DESKTOP-DELVMAL" failures="0" tests="3" name="automationPractice.Testday2" time="0.009" errors="0" timestamp="2023-06-27T22:35:00 IST" skipped="0">
  <testcase classname="automationPractice.Testday2" name="validateSearch" time="0.004"/>
  <system-out/>
  <testcase classname="automationPractice.Testday2" name="validatePersonIcon" time="0.002"/>
  <system-out/>
  <testcase classname="automationPractice.Testday2" name="validateCartIcon" time="0.003"/>
  <system-out/>
</testsuite> <!-- automationPractice.Testday2 -->
