<?xml version="1.0" encoding="UTF-8"?>
<!-- Generated by org.testng.reporters.JUnitReportReporter -->
<testsuite hostname="DESKTOP-DELVMAL" failures="0" tests="1" name="automationPractice.LoanTestcases" time="15.039" errors="0" timestamp="2023-06-27T23:12:38 IST" skipped="0">
  <testcase classname="automationPractice.LoanTestcases" name="auto" time="15.039"/>
  <system-out/>
</testsuite> <!-- automationPractice.LoanTestcases -->
