<?xml version="1.0" encoding="UTF-8"?>
<!-- Generated by org.testng.reporters.JUnitReportReporter -->
<testsuite hostname="DESKTOP-DELVMAL" failures="0" tests="1" name="automationPractice.TestngConcept" time="19.479" errors="0" timestamp="2023-06-23T20:46:38 IST" skipped="0">
  <testcase classname="automationPractice.TestngConcept" name="loginUser" time="19.479"/>
  <system-out/>
</testsuite> <!-- automationPractice.TestngConcept -->
