<?xml version="1.0" encoding="UTF-8"?>
<!-- Generated by org.testng.reporters.JUnitReportReporter -->
<testsuite hostname="DESKTOP-DELVMAL" failures="0" tests="1" name="automationPractice.Deposit" time="0.003" errors="0" timestamp="2023-06-27T23:12:38 IST" skipped="0">
  <testcase classname="automationPractice.Deposit" name="test" time="0.003"/>
  <system-out/>
</testsuite> <!-- automationPractice.Deposit -->
