<?xml version="1.0" encoding="UTF-8"?>
<!-- Generated by org.testng.reporters.JUnitReportReporter -->
<testsuite hostname="DESKTOP-DELVMAL" failures="0" tests="1" name="testimp.LoginPageTest" time="0.012" errors="0" timestamp="2023-06-27T20:57:16 IST" skipped="0">
  <testcase classname="testimp.LoginPageTest" name="loginWithValidUser" time="0.012"/>
  <system-out/>
</testsuite> <!-- testimp.LoginPageTest -->
